[ 2024-04-05 15:39:20,954 ] 96 werkzeug - INFO - [31m[1mWARNING: This is a development server. Do not use it in a production deployment. Use a production WSGI server instead.[0m
 * Running on http://127.0.0.1:5000
[ 2024-04-05 15:39:20,954 ] 96 werkzeug - INFO - [33mPress CTRL+C to quit[0m
[ 2024-04-05 15:39:29,107 ] 96 werkzeug - INFO - 127.0.0.1 - - [05/Apr/2024 15:39:29] "GET / HTTP/1.1" 200 -
[ 2024-04-05 15:39:29,230 ] 96 werkzeug - INFO - 127.0.0.1 - - [05/Apr/2024 15:39:29] "[36mGET /static/css/corn%20diplay.png HTTP/1.1[0m" 304 -
[ 2024-04-05 15:39:29,235 ] 96 werkzeug - INFO - 127.0.0.1 - - [05/Apr/2024 15:39:29] "[36mGET /static/css/index.css HTTP/1.1[0m" 304 -
[ 2024-04-05 15:39:29,270 ] 96 werkzeug - INFO - 127.0.0.1 - - [05/Apr/2024 15:39:29] "[35m[1mGET /static/css/corn%20video.mp4 HTTP/1.1[0m" 206 -
[ 2024-04-05 15:39:44,942 ] 96 werkzeug - INFO - 127.0.0.1 - - [05/Apr/2024 15:39:44] "POST /openwebcam HTTP/1.1" 200 -
[ 2024-04-05 15:39:44,963 ] 96 werkzeug - INFO - 127.0.0.1 - - [05/Apr/2024 15:39:44] "[36mGET /static/css/displayImage.css HTTP/1.1[0m" 304 -
[ 2024-04-05 15:39:44,965 ] 96 werkzeug - INFO - 127.0.0.1 - - [05/Apr/2024 15:39:44] "[36mGET /static/css/corn%202.jpg HTTP/1.1[0m" 304 -
[ 2024-04-05 15:39:51,169 ] 96 werkzeug - INFO - 127.0.0.1 - - [05/Apr/2024 15:39:51] "POST /RunningMacros HTTP/1.1" 200 -
[ 2024-04-05 15:39:51,190 ] 96 werkzeug - INFO - 127.0.0.1 - - [05/Apr/2024 15:39:51] "[36mGET /static/css/ViewResults.css HTTP/1.1[0m" 304 -
[ 2024-04-05 15:39:51,191 ] 96 werkzeug - INFO - 127.0.0.1 - - [05/Apr/2024 15:39:51] "[36mGET /static/css/corn%201.jpg HTTP/1.1[0m" 304 -
[ 2024-04-05 15:39:52,506 ] 21 root - INFO - New data : 
    Area     X     Y    XM    YM  Perimeter    BX    BY  Width  Height
0  114.0  76.0  66.0  76.0  66.0       40.0  71.0  60.0   11.0    13.0
[ 2024-04-05 15:39:52,805 ] 21 root - INFO - New data : 
    Area     X     Y    XM    YM  Perimeter    BX    BY  Width  Height
0  108.0  97.0  66.0  97.0  66.0       40.0  91.0  60.0   12.0    13.0
[ 2024-04-05 15:39:52,821 ] 21 root - INFO - New data : 
    Area      X     Y     XM    YM  Perimeter     BX    BY  Width  Height
0  136.0  128.0  69.0  128.0  69.0       44.0  122.0  62.0   13.0    14.0
[ 2024-04-05 15:39:52,838 ] 21 root - INFO - New data : 
    Area      X     Y     XM    YM  Perimeter     BX    BY  Width  Height
0  135.0  153.0  70.0  153.0  70.0       44.0  147.0  63.0   13.0    13.0
[ 2024-04-05 15:39:52,856 ] 21 root - INFO - New data : 
    Area     X     Y    XM    YM  Perimeter    BX    BY  Width  Height
0  109.0  73.0  86.0  73.0  86.0       40.0  67.0  80.0   11.0    13.0
[ 2024-04-05 15:39:52,873 ] 21 root - INFO - New data : 
    Area     X     Y    XM    YM  Perimeter    BX    BY  Width  Height
0  108.0  96.0  89.0  96.0  89.0       40.0  90.0  84.0   12.0    12.0
[ 2024-04-05 15:39:52,892 ] 21 root - INFO - New data : 
    Area      X     Y     XM    YM  Perimeter     BX    BY  Width  Height
0  142.0  156.0  92.0  156.0  92.0       45.0  149.0  85.0   13.0    14.0
[ 2024-04-05 15:39:52,907 ] 21 root - INFO - New data : 
    Area      X     Y     XM    YM  Perimeter     BX    BY  Width  Height
0  129.0  129.0  91.0  129.0  91.0       43.0  122.0  85.0   13.0    13.0
[ 2024-04-05 15:39:52,924 ] 21 root - INFO - New data : 
    Area     X      Y    XM     YM  Perimeter    BX     BY  Width  Height
0  104.0  77.0  108.0  77.0  108.0       39.0  71.0  102.0   11.0    13.0
[ 2024-04-05 15:39:52,941 ] 21 root - INFO - New data : 
    Area     X      Y    XM     YM  Perimeter    BX     BY  Width  Height
0  120.0  98.0  111.0  98.0  111.0       41.0  92.0  104.0   12.0    13.0
[ 2024-04-05 15:39:52,961 ] 21 root - INFO - New data : 
    Area      X      Y     XM     YM  Perimeter     BX     BY  Width  Height
0  135.0  129.0  113.0  129.0  113.0       44.0  122.0  107.0   13.0    14.0
[ 2024-04-05 15:39:52,984 ] 21 root - INFO - New data : 
    Area      X      Y     XM     YM  Perimeter     BX     BY  Width  Height
0  111.0  157.0  113.0  157.0  113.0       40.0  151.0  107.0   12.0    12.0
[ 2024-04-05 15:39:53,541 ] 96 werkzeug - INFO - 127.0.0.1 - - [05/Apr/2024 15:39:53] "POST /showingResults HTTP/1.1" 200 -
[ 2024-04-05 15:39:53,556 ] 96 werkzeug - INFO - 127.0.0.1 - - [05/Apr/2024 15:39:53] "[36mGET /static/css/Results.css HTTP/1.1[0m" 304 -
[ 2024-04-05 15:39:53,569 ] 96 werkzeug - INFO - 127.0.0.1 - - [05/Apr/2024 15:39:53] "GET /static/seed_results_plot.png HTTP/1.1" 200 -
[ 2024-04-05 15:39:53,570 ] 96 werkzeug - INFO - 127.0.0.1 - - [05/Apr/2024 15:39:53] "GET /static/seed_results_pie_chart.png HTTP/1.1" 200 -
[ 2024-04-05 15:40:55,411 ] 96 werkzeug - INFO - 127.0.0.1 - - [05/Apr/2024 15:40:55] "GET / HTTP/1.1" 200 -
[ 2024-04-05 15:40:55,442 ] 96 werkzeug - INFO - 127.0.0.1 - - [05/Apr/2024 15:40:55] "[36mGET /static/css/corn%20diplay.png HTTP/1.1[0m" 304 -
[ 2024-04-05 15:40:55,443 ] 96 werkzeug - INFO - 127.0.0.1 - - [05/Apr/2024 15:40:55] "[36mGET /static/css/index.css HTTP/1.1[0m" 304 -
[ 2024-04-05 15:40:55,493 ] 96 werkzeug - INFO - 127.0.0.1 - - [05/Apr/2024 15:40:55] "[35m[1mGET /static/css/corn%20video.mp4 HTTP/1.1[0m" 206 -
[ 2024-04-05 15:41:13,401 ] 828 app - ERROR - Exception on /openwebcam [POST]
Traceback (most recent call last):
  File "C:\Users\MAYUR\anaconda3\envs\SeedGermination\Lib\site-packages\urllib3\connection.py", line 198, in _new_conn
    sock = connection.create_connection(
           ^^^^^^^^^^^^^^^^^^^^^^^^^^^^^
  File "C:\Users\MAYUR\anaconda3\envs\SeedGermination\Lib\site-packages\urllib3\util\connection.py", line 85, in create_connection
    raise err
  File "C:\Users\MAYUR\anaconda3\envs\SeedGermination\Lib\site-packages\urllib3\util\connection.py", line 73, in create_connection
    sock.connect(sa)
ConnectionRefusedError: [WinError 10061] No connection could be made because the target machine actively refused it

The above exception was the direct cause of the following exception:

Traceback (most recent call last):
  File "C:\Users\MAYUR\anaconda3\envs\SeedGermination\Lib\site-packages\urllib3\connectionpool.py", line 793, in urlopen
    response = self._make_request(
               ^^^^^^^^^^^^^^^^^^^
  File "C:\Users\MAYUR\anaconda3\envs\SeedGermination\Lib\site-packages\urllib3\connectionpool.py", line 496, in _make_request
    conn.request(
  File "C:\Users\MAYUR\anaconda3\envs\SeedGermination\Lib\site-packages\urllib3\connection.py", line 400, in request
    self.endheaders()
  File "C:\Users\MAYUR\anaconda3\envs\SeedGermination\Lib\http\client.py", line 1289, in endheaders
    self._send_output(message_body, encode_chunked=encode_chunked)
  File "C:\Users\MAYUR\anaconda3\envs\SeedGermination\Lib\http\client.py", line 1048, in _send_output
    self.send(msg)
  File "C:\Users\MAYUR\anaconda3\envs\SeedGermination\Lib\http\client.py", line 986, in send
    self.connect()
  File "C:\Users\MAYUR\anaconda3\envs\SeedGermination\Lib\site-packages\urllib3\connection.py", line 238, in connect
    self.sock = self._new_conn()
                ^^^^^^^^^^^^^^^^
  File "C:\Users\MAYUR\anaconda3\envs\SeedGermination\Lib\site-packages\urllib3\connection.py", line 213, in _new_conn
    raise NewConnectionError(
urllib3.exceptions.NewConnectionError: <urllib3.connection.HTTPConnection object at 0x000002B71DB4CAD0>: Failed to establish a new connection: [WinError 10061] No connection could be made because the target machine actively refused it

The above exception was the direct cause of the following exception:

Traceback (most recent call last):
  File "C:\Users\MAYUR\anaconda3\envs\SeedGermination\Lib\site-packages\requests\adapters.py", line 486, in send
    resp = conn.urlopen(
           ^^^^^^^^^^^^^
  File "C:\Users\MAYUR\anaconda3\envs\SeedGermination\Lib\site-packages\urllib3\connectionpool.py", line 847, in urlopen
    retries = retries.increment(
              ^^^^^^^^^^^^^^^^^^
  File "C:\Users\MAYUR\anaconda3\envs\SeedGermination\Lib\site-packages\urllib3\util\retry.py", line 515, in increment
    raise MaxRetryError(_pool, url, reason) from reason  # type: ignore[arg-type]
    ^^^^^^^^^^^^^^^^^^^^^^^^^^^^^^^^^^^^^^^^^^^^^^^^^^^
urllib3.exceptions.MaxRetryError: HTTPConnectionPool(host='172.20.10.3', port=8080): Max retries exceeded with url: /shot.jpg (Caused by NewConnectionError('<urllib3.connection.HTTPConnection object at 0x000002B71DB4CAD0>: Failed to establish a new connection: [WinError 10061] No connection could be made because the target machine actively refused it'))

During handling of the above exception, another exception occurred:

Traceback (most recent call last):
  File "C:\Users\MAYUR\anaconda3\envs\SeedGermination\Lib\site-packages\flask\app.py", line 1463, in wsgi_app
    response = self.full_dispatch_request()
               ^^^^^^^^^^^^^^^^^^^^^^^^^^^^
  File "C:\Users\MAYUR\anaconda3\envs\SeedGermination\Lib\site-packages\flask\app.py", line 872, in full_dispatch_request
    rv = self.handle_user_exception(e)
         ^^^^^^^^^^^^^^^^^^^^^^^^^^^^^
  File "C:\Users\MAYUR\anaconda3\envs\SeedGermination\Lib\site-packages\flask\app.py", line 870, in full_dispatch_request
    rv = self.dispatch_request()
         ^^^^^^^^^^^^^^^^^^^^^^^
  File "C:\Users\MAYUR\anaconda3\envs\SeedGermination\Lib\site-packages\flask\app.py", line 855, in dispatch_request
    return self.ensure_sync(self.view_functions[rule.endpoint])(**view_args)  # type: ignore[no-any-return]
           ^^^^^^^^^^^^^^^^^^^^^^^^^^^^^^^^^^^^^^^^^^^^^^^^^^^^^^^^^^^^^^^^^
  File "d:\Computer_science\BE_PROJECT\Seed_Project\app.py", line 50, in predict_datapoint
    img_resp = requests.get(url)
               ^^^^^^^^^^^^^^^^^
  File "C:\Users\MAYUR\anaconda3\envs\SeedGermination\Lib\site-packages\requests\api.py", line 73, in get
    return request("get", url, params=params, **kwargs)
           ^^^^^^^^^^^^^^^^^^^^^^^^^^^^^^^^^^^^^^^^^^^^
  File "C:\Users\MAYUR\anaconda3\envs\SeedGermination\Lib\site-packages\requests\api.py", line 59, in request
    return session.request(method=method, url=url, **kwargs)
           ^^^^^^^^^^^^^^^^^^^^^^^^^^^^^^^^^^^^^^^^^^^^^^^^^
  File "C:\Users\MAYUR\anaconda3\envs\SeedGermination\Lib\site-packages\requests\sessions.py", line 589, in request
    resp = self.send(prep, **send_kwargs)
           ^^^^^^^^^^^^^^^^^^^^^^^^^^^^^^
  File "C:\Users\MAYUR\anaconda3\envs\SeedGermination\Lib\site-packages\requests\sessions.py", line 703, in send
    r = adapter.send(request, **kwargs)
        ^^^^^^^^^^^^^^^^^^^^^^^^^^^^^^^
  File "C:\Users\MAYUR\anaconda3\envs\SeedGermination\Lib\site-packages\requests\adapters.py", line 519, in send
    raise ConnectionError(e, request=request)
requests.exceptions.ConnectionError: HTTPConnectionPool(host='172.20.10.3', port=8080): Max retries exceeded with url: /shot.jpg (Caused by NewConnectionError('<urllib3.connection.HTTPConnection object at 0x000002B71DB4CAD0>: Failed to establish a new connection: [WinError 10061] No connection could be made because the target machine actively refused it'))
[ 2024-04-05 15:41:13,414 ] 96 werkzeug - INFO - 127.0.0.1 - - [05/Apr/2024 15:41:13] "[35m[1mPOST /openwebcam HTTP/1.1[0m" 500 -
[ 2024-04-05 15:41:35,434 ] 96 werkzeug - INFO - 127.0.0.1 - - [05/Apr/2024 15:41:35] "GET / HTTP/1.1" 200 -
[ 2024-04-05 15:41:35,446 ] 96 werkzeug - INFO - 127.0.0.1 - - [05/Apr/2024 15:41:35] "[36mGET /static/css/index.css HTTP/1.1[0m" 304 -
[ 2024-04-05 15:41:35,446 ] 96 werkzeug - INFO - 127.0.0.1 - - [05/Apr/2024 15:41:35] "[36mGET /static/css/corn%20diplay.png HTTP/1.1[0m" 304 -
[ 2024-04-05 15:41:35,495 ] 96 werkzeug - INFO - 127.0.0.1 - - [05/Apr/2024 15:41:35] "[35m[1mGET /static/css/corn%20video.mp4 HTTP/1.1[0m" 206 -
[ 2024-04-05 15:42:09,999 ] 96 werkzeug - INFO - 127.0.0.1 - - [05/Apr/2024 15:42:09] "POST /openwebcam HTTP/1.1" 200 -
[ 2024-04-05 15:42:22,142 ] 96 werkzeug - INFO - 127.0.0.1 - - [05/Apr/2024 15:42:22] "POST /openwebcam HTTP/1.1" 200 -
[ 2024-04-05 15:42:22,173 ] 96 werkzeug - INFO - 127.0.0.1 - - [05/Apr/2024 15:42:22] "[36mGET /static/css/displayImage.css HTTP/1.1[0m" 304 -
[ 2024-04-05 15:42:22,175 ] 96 werkzeug - INFO - 127.0.0.1 - - [05/Apr/2024 15:42:22] "[36mGET /static/css/corn%202.jpg HTTP/1.1[0m" 304 -
[ 2024-04-05 15:42:34,067 ] 96 werkzeug - INFO - 127.0.0.1 - - [05/Apr/2024 15:42:34] "POST /RunningMacros HTTP/1.1" 200 -
[ 2024-04-05 15:42:34,081 ] 96 werkzeug - INFO - 127.0.0.1 - - [05/Apr/2024 15:42:34] "[36mGET /static/css/ViewResults.css HTTP/1.1[0m" 304 -
[ 2024-04-05 15:42:34,082 ] 96 werkzeug - INFO - 127.0.0.1 - - [05/Apr/2024 15:42:34] "[36mGET /static/css/corn%201.jpg HTTP/1.1[0m" 304 -
[ 2024-04-05 15:42:35,570 ] 21 root - INFO - New data : 
   Area     X     Y    XM    YM  Perimeter    BX    BY  Width  Height
0  99.0  39.0  38.0  39.0  38.0       51.0  34.0  30.0   10.0    16.0
[ 2024-04-05 15:42:35,590 ] 21 root - INFO - New data : 
    Area      X     Y     XM    YM  Perimeter     BX    BY  Width  Height
0  142.0  105.0  49.0  105.0  49.0       72.0  100.0  37.0   12.0    22.0
[ 2024-04-05 15:42:35,613 ] 21 root - INFO - New data : 
    Area     X     Y    XM    YM  Perimeter    BX    BY  Width  Height
0  138.0  42.0  58.0  42.0  58.0       72.0  34.0  50.0   15.0    15.0
[ 2024-04-05 15:42:35,631 ] 21 root - INFO - New data : 
    Area     X     Y    XM    YM  Perimeter    BX    BY  Width  Height
0  314.0  79.0  68.0  79.0  68.0      144.0  63.0  54.0   30.0    27.0
[ 2024-04-05 15:42:35,651 ] 21 root - INFO - New data : 
    Area      X     Y     XM    YM  Perimeter    BX    BY  Width  Height
0  148.0  102.0  70.0  102.0  70.0       75.0  92.0  60.0   20.0    20.0
[ 2024-04-05 15:42:35,673 ] 21 root - INFO - New data : 
    Area     X     Y    XM    YM  Perimeter    BX    BY  Width  Height
0  102.0  39.0  77.0  39.0  77.0       48.0  32.0  70.0   13.0    14.0
[ 2024-04-05 15:42:35,696 ] 21 root - INFO - New data : 
    Area     X     Y    XM    YM  Perimeter    BX    BY  Width  Height
0  101.0  73.0  84.0  73.0  84.0       51.0  66.0  77.0   14.0    14.0
[ 2024-04-05 15:42:35,718 ] 21 root - INFO - New data : 
     Area     X      Y    XM     YM  Perimeter    BX    BY  Width  Height
0  1261.0  96.0  113.0  96.0  113.0      428.0  74.0  77.0   45.0    69.0
[ 2024-04-05 15:42:35,735 ] 21 root - INFO - New data : 
    Area     X      Y    XM     YM  Perimeter    BX    BY  Width  Height
0  137.0  40.0  100.0  40.0  100.0       55.0  33.0  91.0   14.0    17.0
[ 2024-04-05 15:42:35,755 ] 21 root - INFO - New data : 
   Area      X      Y     XM     YM  Perimeter     BX    BY  Width  Height
0  96.0  116.0  105.0  116.0  105.0       47.0  109.0  99.0   15.0    12.0
[ 2024-04-05 15:42:35,774 ] 21 root - INFO - New data : 
    Area     X      Y    XM     YM  Perimeter    BX     BY  Width  Height
0  106.0  69.0  133.0  69.0  133.0       51.0  61.0  128.0   17.0    11.0
[ 2024-04-05 15:42:35,790 ] 21 root - INFO - New data : 
    Area     X      Y    XM     YM  Perimeter    BX     BY  Width  Height
0  108.0  70.0  147.0  70.0  147.0       50.0  65.0  139.0   11.0    16.0
[ 2024-04-05 15:42:35,811 ] 21 root - INFO - New data : 
    Area     X      Y    XM     YM  Perimeter    BX     BY  Width  Height
0  148.0  92.0  155.0  92.0  155.0       71.0  80.0  148.0   21.0    14.0
[ 2024-04-05 15:42:36,288 ] 96 werkzeug - INFO - 127.0.0.1 - - [05/Apr/2024 15:42:36] "POST /showingResults HTTP/1.1" 200 -
[ 2024-04-05 15:42:36,301 ] 96 werkzeug - INFO - 127.0.0.1 - - [05/Apr/2024 15:42:36] "[36mGET /static/css/Results.css HTTP/1.1[0m" 304 -
[ 2024-04-05 15:42:36,314 ] 96 werkzeug - INFO - 127.0.0.1 - - [05/Apr/2024 15:42:36] "GET /static/seed_results_plot.png HTTP/1.1" 200 -
[ 2024-04-05 15:42:36,318 ] 96 werkzeug - INFO - 127.0.0.1 - - [05/Apr/2024 15:42:36] "GET /static/seed_results_pie_chart.png HTTP/1.1" 200 -
[ 2024-04-05 15:43:58,508 ] 96 werkzeug - INFO - 127.0.0.1 - - [05/Apr/2024 15:43:58] "GET / HTTP/1.1" 200 -
[ 2024-04-05 15:43:58,536 ] 96 werkzeug - INFO - 127.0.0.1 - - [05/Apr/2024 15:43:58] "[36mGET /static/css/index.css HTTP/1.1[0m" 304 -
[ 2024-04-05 15:43:58,539 ] 96 werkzeug - INFO - 127.0.0.1 - - [05/Apr/2024 15:43:58] "[36mGET /static/css/corn%20diplay.png HTTP/1.1[0m" 304 -
[ 2024-04-05 15:43:58,583 ] 96 werkzeug - INFO - 127.0.0.1 - - [05/Apr/2024 15:43:58] "[35m[1mGET /static/css/corn%20video.mp4 HTTP/1.1[0m" 206 -
[ 2024-04-05 15:44:06,502 ] 96 werkzeug - INFO - 127.0.0.1 - - [05/Apr/2024 15:44:06] "POST /openwebcam HTTP/1.1" 200 -
[ 2024-04-05 15:44:06,525 ] 96 werkzeug - INFO - 127.0.0.1 - - [05/Apr/2024 15:44:06] "[36mGET /static/css/displayImage.css HTTP/1.1[0m" 304 -
[ 2024-04-05 15:44:06,526 ] 96 werkzeug - INFO - 127.0.0.1 - - [05/Apr/2024 15:44:06] "[36mGET /static/css/corn%202.jpg HTTP/1.1[0m" 304 -
[ 2024-04-05 15:44:11,802 ] 96 werkzeug - INFO - 127.0.0.1 - - [05/Apr/2024 15:44:11] "POST /RunningMacros HTTP/1.1" 200 -
[ 2024-04-05 15:44:11,816 ] 96 werkzeug - INFO - 127.0.0.1 - - [05/Apr/2024 15:44:11] "[36mGET /static/css/ViewResults.css HTTP/1.1[0m" 304 -
[ 2024-04-05 15:44:11,821 ] 96 werkzeug - INFO - 127.0.0.1 - - [05/Apr/2024 15:44:11] "[36mGET /static/css/corn%201.jpg HTTP/1.1[0m" 304 -
[ 2024-04-05 15:44:13,360 ] 21 root - INFO - New data : 
   Area      X     Y     XM    YM  Perimeter     BX    BY  Width  Height
0  82.0  107.0  16.0  107.0  16.0       35.0  101.0  11.0   10.0    10.0
[ 2024-04-05 15:44:13,387 ] 21 root - INFO - New data : 
   Area     X     Y    XM    YM  Perimeter    BX    BY  Width  Height
0  83.0  76.0  30.0  76.0  30.0       35.0  71.0  25.0   12.0    10.0
[ 2024-04-05 15:44:13,418 ] 21 root - INFO - New data : 
   Area      X     Y     XM    YM  Perimeter    BX    BY  Width  Height
0  76.0  102.0  41.0  102.0  41.0       33.0  97.0  36.0   10.0    10.0
[ 2024-04-05 15:44:13,443 ] 21 root - INFO - New data : 
   Area     X     Y    XM    YM  Perimeter    BX    BY  Width  Height
0  72.0  90.0  62.0  90.0  62.0       32.0  85.0  57.0   10.0    10.0
[ 2024-04-05 15:44:13,469 ] 21 root - INFO - New data : 
   Area      X     Y     XM    YM  Perimeter     BX    BY  Width  Height
0  81.0  113.0  69.0  113.0  69.0       34.0  108.0  64.0   10.0    10.0
[ 2024-04-05 15:44:13,489 ] 21 root - INFO - New data : 
   Area     X     Y    XM    YM  Perimeter    BX    BY  Width  Height
0  83.0  43.0  72.0  43.0  72.0       34.0  38.0  68.0   11.0    10.0
[ 2024-04-05 15:44:13,508 ] 21 root - INFO - New data : 
   Area      X     Y     XM    YM  Perimeter    BX    BY  Width  Height
0  86.0  101.0  74.0  101.0  74.0       35.0  95.0  69.0   11.0    10.0
[ 2024-04-05 15:44:13,528 ] 21 root - INFO - New data : 
   Area     X     Y    XM    YM  Perimeter    BX    BY  Width  Height
0  82.0  87.0  77.0  87.0  77.0       37.0  80.0  72.0   12.0    10.0
[ 2024-04-05 15:44:13,549 ] 21 root - INFO - New data : 
   Area     X     Y    XM    YM  Perimeter    BX    BY  Width  Height
0  85.0  76.0  87.0  76.0  87.0       36.0  70.0  82.0   11.0    10.0
[ 2024-04-05 15:44:13,566 ] 21 root - INFO - New data : 
   Area      X     Y     XM    YM  Perimeter     BX    BY  Width  Height
0  83.0  107.0  89.0  107.0  89.0       34.0  102.0  84.0   11.0    10.0
[ 2024-04-05 15:44:13,581 ] 21 root - INFO - New data : 
   Area      X     Y     XM    YM  Perimeter     BX    BY  Width  Height
0  83.0  120.0  97.0  120.0  97.0       35.0  114.0  92.0   11.0    10.0
[ 2024-04-05 15:44:13,598 ] 21 root - INFO - New data : 
   Area     X      Y    XM     YM  Perimeter    BX     BY  Width  Height
0  86.0  89.0  106.0  89.0  106.0       35.0  83.0  101.0   11.0    10.0
[ 2024-04-05 15:44:13,617 ] 21 root - INFO - New data : 
   Area      X      Y     XM     YM  Perimeter     BX     BY  Width  Height
0  74.0  127.0  118.0  127.0  118.0       33.0  123.0  113.0   10.0    10.0
[ 2024-04-05 15:44:13,633 ] 21 root - INFO - New data : 
   Area     X      Y    XM     YM  Perimeter    BX     BY  Width  Height
0  93.0  86.0  126.0  86.0  126.0       36.0  80.0  121.0   11.0    11.0
[ 2024-04-05 15:44:13,651 ] 21 root - INFO - New data : 
   Area     X      Y    XM     YM  Perimeter    BX     BY  Width  Height
0  84.0  79.0  142.0  79.0  142.0       34.0  74.0  137.0   10.0    11.0
[ 2024-04-05 15:44:13,667 ] 21 root - INFO - New data : 
   Area      X      Y     XM     YM  Perimeter     BX     BY  Width  Height
0  82.0  110.0  160.0  110.0  160.0       35.0  105.0  155.0   10.0    12.0
[ 2024-04-05 15:44:14,115 ] 96 werkzeug - INFO - 127.0.0.1 - - [05/Apr/2024 15:44:14] "POST /showingResults HTTP/1.1" 200 -
[ 2024-04-05 15:44:14,131 ] 96 werkzeug - INFO - 127.0.0.1 - - [05/Apr/2024 15:44:14] "[36mGET /static/css/Results.css HTTP/1.1[0m" 304 -
[ 2024-04-05 15:44:14,140 ] 96 werkzeug - INFO - 127.0.0.1 - - [05/Apr/2024 15:44:14] "GET /static/seed_results_plot.png HTTP/1.1" 200 -
[ 2024-04-05 15:44:14,146 ] 96 werkzeug - INFO - 127.0.0.1 - - [05/Apr/2024 15:44:14] "GET /static/seed_results_pie_chart.png HTTP/1.1" 200 -
[ 2024-04-05 15:47:07,717 ] 96 werkzeug - INFO - 127.0.0.1 - - [05/Apr/2024 15:47:07] "GET / HTTP/1.1" 200 -
[ 2024-04-05 15:47:07,762 ] 96 werkzeug - INFO - 127.0.0.1 - - [05/Apr/2024 15:47:07] "[36mGET /static/css/index.css HTTP/1.1[0m" 304 -
[ 2024-04-05 15:47:07,763 ] 96 werkzeug - INFO - 127.0.0.1 - - [05/Apr/2024 15:47:07] "[36mGET /static/css/corn%20diplay.png HTTP/1.1[0m" 304 -
[ 2024-04-05 15:47:07,831 ] 96 werkzeug - INFO - 127.0.0.1 - - [05/Apr/2024 15:47:07] "[35m[1mGET /static/css/corn%20video.mp4 HTTP/1.1[0m" 206 -
